[2024-11-20T22:18:19.788-0500] {processor.py:186} INFO - Started process (PID=11359) to work on /Users/scottbrowning/Desktop/Airflow/py_env/lib/python3.11/site-packages/airflow/example_dags/example_outlet_event_extra.py
[2024-11-20T22:18:19.789-0500] {processor.py:914} INFO - Processing file /Users/scottbrowning/Desktop/Airflow/py_env/lib/python3.11/site-packages/airflow/example_dags/example_outlet_event_extra.py for tasks to queue
[2024-11-20T22:18:19.790-0500] {logging_mixin.py:190} INFO - [2024-11-20T22:18:19.790-0500] {dagbag.py:588} INFO - Filling up the DagBag from /Users/scottbrowning/Desktop/Airflow/py_env/lib/python3.11/site-packages/airflow/example_dags/example_outlet_event_extra.py
[2024-11-20T22:18:19.885-0500] {processor.py:925} INFO - DAG(s) 'dataset_with_extra_from_classic_operator', 'dataset_with_extra_by_context', 'dataset_with_extra_by_yield' retrieved from /Users/scottbrowning/Desktop/Airflow/py_env/lib/python3.11/site-packages/airflow/example_dags/example_outlet_event_extra.py
[2024-11-20T22:18:20.181-0500] {logging_mixin.py:190} INFO - [2024-11-20T22:18:20.180-0500] {override.py:1911} INFO - Created Permission View: can edit on DAG:dataset_with_extra_from_classic_operator
[2024-11-20T22:18:20.193-0500] {logging_mixin.py:190} INFO - [2024-11-20T22:18:20.192-0500] {override.py:1911} INFO - Created Permission View: can delete on DAG:dataset_with_extra_from_classic_operator
[2024-11-20T22:18:20.199-0500] {logging_mixin.py:190} INFO - [2024-11-20T22:18:20.199-0500] {override.py:1911} INFO - Created Permission View: can read on DAG:dataset_with_extra_from_classic_operator
[2024-11-20T22:18:20.207-0500] {logging_mixin.py:190} INFO - [2024-11-20T22:18:20.206-0500] {override.py:1911} INFO - Created Permission View: can create on DAG Run:dataset_with_extra_from_classic_operator
[2024-11-20T22:18:20.212-0500] {logging_mixin.py:190} INFO - [2024-11-20T22:18:20.212-0500] {override.py:1911} INFO - Created Permission View: can delete on DAG Run:dataset_with_extra_from_classic_operator
[2024-11-20T22:18:20.220-0500] {logging_mixin.py:190} INFO - [2024-11-20T22:18:20.219-0500] {override.py:1911} INFO - Created Permission View: menu access on DAG Run:dataset_with_extra_from_classic_operator
[2024-11-20T22:18:20.227-0500] {logging_mixin.py:190} INFO - [2024-11-20T22:18:20.227-0500] {override.py:1911} INFO - Created Permission View: can read on DAG Run:dataset_with_extra_from_classic_operator
[2024-11-20T22:18:20.239-0500] {logging_mixin.py:190} INFO - [2024-11-20T22:18:20.239-0500] {override.py:1911} INFO - Created Permission View: can edit on DAG:dataset_with_extra_by_context
[2024-11-20T22:18:20.245-0500] {logging_mixin.py:190} INFO - [2024-11-20T22:18:20.245-0500] {override.py:1911} INFO - Created Permission View: can delete on DAG:dataset_with_extra_by_context
[2024-11-20T22:18:20.250-0500] {logging_mixin.py:190} INFO - [2024-11-20T22:18:20.249-0500] {override.py:1911} INFO - Created Permission View: can read on DAG:dataset_with_extra_by_context
[2024-11-20T22:18:20.255-0500] {logging_mixin.py:190} INFO - [2024-11-20T22:18:20.254-0500] {override.py:1911} INFO - Created Permission View: can create on DAG Run:dataset_with_extra_by_context
[2024-11-20T22:18:20.260-0500] {logging_mixin.py:190} INFO - [2024-11-20T22:18:20.260-0500] {override.py:1911} INFO - Created Permission View: can delete on DAG Run:dataset_with_extra_by_context
[2024-11-20T22:18:20.264-0500] {logging_mixin.py:190} INFO - [2024-11-20T22:18:20.264-0500] {override.py:1911} INFO - Created Permission View: menu access on DAG Run:dataset_with_extra_by_context
[2024-11-20T22:18:20.270-0500] {logging_mixin.py:190} INFO - [2024-11-20T22:18:20.269-0500] {override.py:1911} INFO - Created Permission View: can read on DAG Run:dataset_with_extra_by_context
[2024-11-20T22:18:20.281-0500] {logging_mixin.py:190} INFO - [2024-11-20T22:18:20.280-0500] {override.py:1911} INFO - Created Permission View: can edit on DAG:dataset_with_extra_by_yield
[2024-11-20T22:18:20.287-0500] {logging_mixin.py:190} INFO - [2024-11-20T22:18:20.286-0500] {override.py:1911} INFO - Created Permission View: can delete on DAG:dataset_with_extra_by_yield
[2024-11-20T22:18:20.292-0500] {logging_mixin.py:190} INFO - [2024-11-20T22:18:20.291-0500] {override.py:1911} INFO - Created Permission View: can read on DAG:dataset_with_extra_by_yield
[2024-11-20T22:18:20.296-0500] {logging_mixin.py:190} INFO - [2024-11-20T22:18:20.296-0500] {override.py:1911} INFO - Created Permission View: can create on DAG Run:dataset_with_extra_by_yield
[2024-11-20T22:18:20.300-0500] {logging_mixin.py:190} INFO - [2024-11-20T22:18:20.300-0500] {override.py:1911} INFO - Created Permission View: can delete on DAG Run:dataset_with_extra_by_yield
[2024-11-20T22:18:20.305-0500] {logging_mixin.py:190} INFO - [2024-11-20T22:18:20.304-0500] {override.py:1911} INFO - Created Permission View: menu access on DAG Run:dataset_with_extra_by_yield
[2024-11-20T22:18:20.309-0500] {logging_mixin.py:190} INFO - [2024-11-20T22:18:20.309-0500] {override.py:1911} INFO - Created Permission View: can read on DAG Run:dataset_with_extra_by_yield
[2024-11-20T22:18:20.310-0500] {logging_mixin.py:190} INFO - [2024-11-20T22:18:20.309-0500] {dag.py:3239} INFO - Sync 3 DAGs
[2024-11-20T22:18:20.322-0500] {logging_mixin.py:190} INFO - [2024-11-20T22:18:20.322-0500] {dag.py:3262} INFO - Creating ORM DAG for dataset_with_extra_by_context
[2024-11-20T22:18:20.323-0500] {logging_mixin.py:190} INFO - [2024-11-20T22:18:20.323-0500] {dag.py:3262} INFO - Creating ORM DAG for dataset_with_extra_from_classic_operator
[2024-11-20T22:18:20.323-0500] {logging_mixin.py:190} INFO - [2024-11-20T22:18:20.323-0500] {dag.py:3262} INFO - Creating ORM DAG for dataset_with_extra_by_yield
[2024-11-20T22:18:20.334-0500] {logging_mixin.py:190} INFO - [2024-11-20T22:18:20.333-0500] {dag.py:4180} INFO - Setting next_dagrun for dataset_with_extra_by_context to 2024-11-20 00:00:00+00:00, run_after=2024-11-21 00:00:00+00:00
[2024-11-20T22:18:20.336-0500] {logging_mixin.py:190} INFO - [2024-11-20T22:18:20.336-0500] {dag.py:4180} INFO - Setting next_dagrun for dataset_with_extra_by_yield to 2024-11-20 00:00:00+00:00, run_after=2024-11-21 00:00:00+00:00
[2024-11-20T22:18:20.338-0500] {logging_mixin.py:190} INFO - [2024-11-20T22:18:20.338-0500] {dag.py:4180} INFO - Setting next_dagrun for dataset_with_extra_from_classic_operator to 2024-11-20 00:00:00+00:00, run_after=2024-11-21 00:00:00+00:00
[2024-11-20T22:18:20.360-0500] {logging_mixin.py:190} INFO - [2024-11-20T22:18:20.360-0500] {workday.py:41} WARNING - Could not import pandas. Holidays will not be considered.
[2024-11-20T22:18:20.374-0500] {processor.py:208} INFO - Processing /Users/scottbrowning/Desktop/Airflow/py_env/lib/python3.11/site-packages/airflow/example_dags/example_outlet_event_extra.py took 0.592 seconds
