[2024-11-20T22:18:26.658-0500] {processor.py:186} INFO - Started process (PID=11400) to work on /Users/scottbrowning/Desktop/Airflow/py_env/lib/python3.11/site-packages/airflow/example_dags/example_inlet_event_extra.py
[2024-11-20T22:18:26.659-0500] {processor.py:914} INFO - Processing file /Users/scottbrowning/Desktop/Airflow/py_env/lib/python3.11/site-packages/airflow/example_dags/example_inlet_event_extra.py for tasks to queue
[2024-11-20T22:18:26.660-0500] {logging_mixin.py:190} INFO - [2024-11-20T22:18:26.660-0500] {dagbag.py:588} INFO - Filling up the DagBag from /Users/scottbrowning/Desktop/Airflow/py_env/lib/python3.11/site-packages/airflow/example_dags/example_inlet_event_extra.py
[2024-11-20T22:18:26.732-0500] {processor.py:925} INFO - DAG(s) 'read_dataset_event', 'read_dataset_event_from_classic' retrieved from /Users/scottbrowning/Desktop/Airflow/py_env/lib/python3.11/site-packages/airflow/example_dags/example_inlet_event_extra.py
[2024-11-20T22:18:27.034-0500] {logging_mixin.py:190} INFO - [2024-11-20T22:18:27.034-0500] {override.py:1911} INFO - Created Permission View: can delete on DAG:read_dataset_event
[2024-11-20T22:18:27.043-0500] {logging_mixin.py:190} INFO - [2024-11-20T22:18:27.042-0500] {override.py:1911} INFO - Created Permission View: can read on DAG:read_dataset_event
[2024-11-20T22:18:27.047-0500] {logging_mixin.py:190} INFO - [2024-11-20T22:18:27.047-0500] {override.py:1911} INFO - Created Permission View: can edit on DAG:read_dataset_event
[2024-11-20T22:18:27.052-0500] {logging_mixin.py:190} INFO - [2024-11-20T22:18:27.052-0500] {override.py:1911} INFO - Created Permission View: can delete on DAG Run:read_dataset_event
[2024-11-20T22:18:27.057-0500] {logging_mixin.py:190} INFO - [2024-11-20T22:18:27.057-0500] {override.py:1911} INFO - Created Permission View: can create on DAG Run:read_dataset_event
[2024-11-20T22:18:27.062-0500] {logging_mixin.py:190} INFO - [2024-11-20T22:18:27.062-0500] {override.py:1911} INFO - Created Permission View: can read on DAG Run:read_dataset_event
[2024-11-20T22:18:27.067-0500] {logging_mixin.py:190} INFO - [2024-11-20T22:18:27.067-0500] {override.py:1911} INFO - Created Permission View: menu access on DAG Run:read_dataset_event
[2024-11-20T22:18:27.075-0500] {logging_mixin.py:190} INFO - [2024-11-20T22:18:27.075-0500] {override.py:1911} INFO - Created Permission View: can delete on DAG:read_dataset_event_from_classic
[2024-11-20T22:18:27.080-0500] {logging_mixin.py:190} INFO - [2024-11-20T22:18:27.080-0500] {override.py:1911} INFO - Created Permission View: can read on DAG:read_dataset_event_from_classic
[2024-11-20T22:18:27.085-0500] {logging_mixin.py:190} INFO - [2024-11-20T22:18:27.084-0500] {override.py:1911} INFO - Created Permission View: can edit on DAG:read_dataset_event_from_classic
[2024-11-20T22:18:27.090-0500] {logging_mixin.py:190} INFO - [2024-11-20T22:18:27.089-0500] {override.py:1911} INFO - Created Permission View: can delete on DAG Run:read_dataset_event_from_classic
[2024-11-20T22:18:27.095-0500] {logging_mixin.py:190} INFO - [2024-11-20T22:18:27.095-0500] {override.py:1911} INFO - Created Permission View: can create on DAG Run:read_dataset_event_from_classic
[2024-11-20T22:18:27.100-0500] {logging_mixin.py:190} INFO - [2024-11-20T22:18:27.100-0500] {override.py:1911} INFO - Created Permission View: can read on DAG Run:read_dataset_event_from_classic
[2024-11-20T22:18:27.106-0500] {logging_mixin.py:190} INFO - [2024-11-20T22:18:27.105-0500] {override.py:1911} INFO - Created Permission View: menu access on DAG Run:read_dataset_event_from_classic
[2024-11-20T22:18:27.106-0500] {logging_mixin.py:190} INFO - [2024-11-20T22:18:27.106-0500] {dag.py:3239} INFO - Sync 2 DAGs
[2024-11-20T22:18:27.119-0500] {logging_mixin.py:190} INFO - [2024-11-20T22:18:27.118-0500] {dag.py:3262} INFO - Creating ORM DAG for read_dataset_event
[2024-11-20T22:18:27.119-0500] {logging_mixin.py:190} INFO - [2024-11-20T22:18:27.119-0500] {dag.py:3262} INFO - Creating ORM DAG for read_dataset_event_from_classic
[2024-11-20T22:18:27.128-0500] {logging_mixin.py:190} INFO - [2024-11-20T22:18:27.128-0500] {dag.py:4180} INFO - Setting next_dagrun for read_dataset_event to 2024-11-20 00:00:00+00:00, run_after=2024-11-21 00:00:00+00:00
[2024-11-20T22:18:27.130-0500] {logging_mixin.py:190} INFO - [2024-11-20T22:18:27.130-0500] {dag.py:4180} INFO - Setting next_dagrun for read_dataset_event_from_classic to 2024-11-20 00:00:00+00:00, run_after=2024-11-21 00:00:00+00:00
[2024-11-20T22:18:27.144-0500] {processor.py:208} INFO - Processing /Users/scottbrowning/Desktop/Airflow/py_env/lib/python3.11/site-packages/airflow/example_dags/example_inlet_event_extra.py took 0.492 seconds
