[2024-11-20T22:17:53.074-0500] {processor.py:186} INFO - Started process (PID=11236) to work on /Users/scottbrowning/Desktop/Airflow/py_env/lib/python3.11/site-packages/airflow/example_dags/example_xcomargs.py
[2024-11-20T22:17:53.076-0500] {processor.py:914} INFO - Processing file /Users/scottbrowning/Desktop/Airflow/py_env/lib/python3.11/site-packages/airflow/example_dags/example_xcomargs.py for tasks to queue
[2024-11-20T22:17:53.077-0500] {logging_mixin.py:190} INFO - [2024-11-20T22:17:53.077-0500] {dagbag.py:588} INFO - Filling up the DagBag from /Users/scottbrowning/Desktop/Airflow/py_env/lib/python3.11/site-packages/airflow/example_dags/example_xcomargs.py
[2024-11-20T22:17:53.120-0500] {processor.py:925} INFO - DAG(s) 'example_xcom_args_with_operators', 'example_xcom_args' retrieved from /Users/scottbrowning/Desktop/Airflow/py_env/lib/python3.11/site-packages/airflow/example_dags/example_xcomargs.py
[2024-11-20T22:17:53.375-0500] {logging_mixin.py:190} INFO - [2024-11-20T22:17:53.375-0500] {override.py:1911} INFO - Created Permission View: can read on DAG:example_xcom_args_with_operators
[2024-11-20T22:17:53.385-0500] {logging_mixin.py:190} INFO - [2024-11-20T22:17:53.385-0500] {override.py:1911} INFO - Created Permission View: can edit on DAG:example_xcom_args_with_operators
[2024-11-20T22:17:53.391-0500] {logging_mixin.py:190} INFO - [2024-11-20T22:17:53.390-0500] {override.py:1911} INFO - Created Permission View: can delete on DAG:example_xcom_args_with_operators
[2024-11-20T22:17:53.395-0500] {logging_mixin.py:190} INFO - [2024-11-20T22:17:53.395-0500] {override.py:1911} INFO - Created Permission View: can read on DAG Run:example_xcom_args_with_operators
[2024-11-20T22:17:53.400-0500] {logging_mixin.py:190} INFO - [2024-11-20T22:17:53.400-0500] {override.py:1911} INFO - Created Permission View: can create on DAG Run:example_xcom_args_with_operators
[2024-11-20T22:17:53.405-0500] {logging_mixin.py:190} INFO - [2024-11-20T22:17:53.404-0500] {override.py:1911} INFO - Created Permission View: menu access on DAG Run:example_xcom_args_with_operators
[2024-11-20T22:17:53.412-0500] {logging_mixin.py:190} INFO - [2024-11-20T22:17:53.412-0500] {override.py:1911} INFO - Created Permission View: can delete on DAG Run:example_xcom_args_with_operators
[2024-11-20T22:17:53.422-0500] {logging_mixin.py:190} INFO - [2024-11-20T22:17:53.422-0500] {override.py:1911} INFO - Created Permission View: can read on DAG:example_xcom_args
[2024-11-20T22:17:53.427-0500] {logging_mixin.py:190} INFO - [2024-11-20T22:17:53.427-0500] {override.py:1911} INFO - Created Permission View: can edit on DAG:example_xcom_args
[2024-11-20T22:17:53.432-0500] {logging_mixin.py:190} INFO - [2024-11-20T22:17:53.432-0500] {override.py:1911} INFO - Created Permission View: can delete on DAG:example_xcom_args
[2024-11-20T22:17:53.437-0500] {logging_mixin.py:190} INFO - [2024-11-20T22:17:53.437-0500] {override.py:1911} INFO - Created Permission View: can read on DAG Run:example_xcom_args
[2024-11-20T22:17:53.442-0500] {logging_mixin.py:190} INFO - [2024-11-20T22:17:53.441-0500] {override.py:1911} INFO - Created Permission View: can create on DAG Run:example_xcom_args
[2024-11-20T22:17:53.446-0500] {logging_mixin.py:190} INFO - [2024-11-20T22:17:53.446-0500] {override.py:1911} INFO - Created Permission View: menu access on DAG Run:example_xcom_args
[2024-11-20T22:17:53.451-0500] {logging_mixin.py:190} INFO - [2024-11-20T22:17:53.450-0500] {override.py:1911} INFO - Created Permission View: can delete on DAG Run:example_xcom_args
[2024-11-20T22:17:53.451-0500] {logging_mixin.py:190} INFO - [2024-11-20T22:17:53.451-0500] {dag.py:3239} INFO - Sync 2 DAGs
[2024-11-20T22:17:53.462-0500] {logging_mixin.py:190} INFO - [2024-11-20T22:17:53.461-0500] {dag.py:3262} INFO - Creating ORM DAG for example_xcom_args_with_operators
[2024-11-20T22:17:53.462-0500] {logging_mixin.py:190} INFO - [2024-11-20T22:17:53.462-0500] {dag.py:3262} INFO - Creating ORM DAG for example_xcom_args
[2024-11-20T22:17:53.463-0500] {logging_mixin.py:190} INFO - [2024-11-20T22:17:53.463-0500] {dag.py:4180} INFO - Setting next_dagrun for example_xcom_args to None, run_after=None
[2024-11-20T22:17:53.463-0500] {logging_mixin.py:190} INFO - [2024-11-20T22:17:53.463-0500] {dag.py:4180} INFO - Setting next_dagrun for example_xcom_args_with_operators to None, run_after=None
[2024-11-20T22:17:53.482-0500] {processor.py:208} INFO - Processing /Users/scottbrowning/Desktop/Airflow/py_env/lib/python3.11/site-packages/airflow/example_dags/example_xcomargs.py took 0.413 seconds
