[2024-11-20T22:17:39.010-0500] {manager.py:483} INFO - Processing files using up to 2 processes at a time 
[2024-11-20T22:17:39.010-0500] {manager.py:484} INFO - Process each file at most once every 30 seconds
[2024-11-20T22:17:39.010-0500] {manager.py:485} INFO - Checking for new files in /Users/scottbrowning/Desktop/Airflow/dags every 300 seconds
[2024-11-20T22:17:39.011-0500] {manager.py:821} INFO - Searching for files in /Users/scottbrowning/Desktop/Airflow/dags
[2024-11-20T22:17:39.056-0500] {manager.py:824} INFO - There are 57 files in /Users/scottbrowning/Desktop/Airflow/dags
[2024-11-20T22:17:39.275-0500] {manager.py:997} INFO - 
================================================================================
DAG File Processing Stats

File Path                                                                                                                                                   PID  Runtime      # DAGs    # Errors  Last Runtime    Last Run      Last # of DB Queries
--------------------------------------------------------------------------------------------------------------------------------------------------------  -----  ---------  --------  ----------  --------------  ----------  ----------------------
/Users/scottbrowning/Desktop/Airflow/py_env/lib/python3.11/site-packages/airflow/example_dags/example_latest_only.py                                                               0           0                                                   0
/Users/scottbrowning/Desktop/Airflow/py_env/lib/python3.11/site-packages/airflow/example_dags/example_local_kubernetes_executor.py                                                 0           0                                                   0
/Users/scottbrowning/Desktop/Airflow/py_env/lib/python3.11/site-packages/airflow/example_dags/example_task_group_decorator.py                                                      0           0                                                   0
/Users/scottbrowning/Desktop/Airflow/py_env/lib/python3.11/site-packages/airflow/example_dags/example_complex.py                                                                   0           0                                                   0
/Users/scottbrowning/Desktop/Airflow/py_env/lib/python3.11/site-packages/airflow/example_dags/example_python_operator.py                                                           0           0                                                   0
/Users/scottbrowning/Desktop/Airflow/py_env/lib/python3.11/site-packages/airflow/example_dags/tutorial_taskflow_api_virtualenv.py                                                  0           0                                                   0
/Users/scottbrowning/Desktop/Airflow/py_env/lib/python3.11/site-packages/airflow/example_dags/example_params_trigger_ui.py                                                         0           0                                                   0
/Users/scottbrowning/Desktop/Airflow/py_env/lib/python3.11/site-packages/airflow/example_dags/example_external_task_marker_dag.py                                                  0           0                                                   0
/Users/scottbrowning/Desktop/Airflow/py_env/lib/python3.11/site-packages/airflow/example_dags/tutorial_objectstorage.py                                                            0           0                                                   0
/Users/scottbrowning/Desktop/Airflow/py_env/lib/python3.11/site-packages/airflow/example_dags/example_bash_operator.py                                                             0           0                                                   0
/Users/scottbrowning/Desktop/Airflow/py_env/lib/python3.11/site-packages/airflow/example_dags/example_dataset_alias.py                                                             0           0                                                   0
/Users/scottbrowning/Desktop/Airflow/py_env/lib/python3.11/site-packages/airflow/example_dags/example_short_circuit_operator.py                                                    0           0                                                   0
/Users/scottbrowning/Desktop/Airflow/py_env/lib/python3.11/site-packages/airflow/example_dags/example_setup_teardown.py                                                            0           0                                                   0
/Users/scottbrowning/Desktop/Airflow/py_env/lib/python3.11/site-packages/airflow/example_dags/example_branch_operator.py                                                           0           0                                                   0
/Users/scottbrowning/Desktop/Airflow/py_env/lib/python3.11/site-packages/airflow/example_dags/example_branch_labels.py                                                             0           0                                                   0
/Users/scottbrowning/Desktop/Airflow/py_env/lib/python3.11/site-packages/airflow/example_dags/tutorial_taskflow_api.py                                                             0           0                                                   0
/Users/scottbrowning/Desktop/Airflow/py_env/lib/python3.11/site-packages/airflow/example_dags/example_task_group.py                                                                0           0                                                   0
/Users/scottbrowning/Desktop/Airflow/py_env/lib/python3.11/site-packages/airflow/example_dags/tutorial.py                                                                          0           0                                                   0
/Users/scottbrowning/Desktop/Airflow/py_env/lib/python3.11/site-packages/airflow/example_dags/example_inlet_event_extra.py                                                         0           0                                                   0
/Users/scottbrowning/Desktop/Airflow/py_env/lib/python3.11/site-packages/airflow/example_dags/example_python_decorator.py                                                          0           0                                                   0
/Users/scottbrowning/Desktop/Airflow/py_env/lib/python3.11/site-packages/airflow/example_dags/example_sla_dag.py                                                                   0           0                                                   0
/Users/scottbrowning/Desktop/Airflow/py_env/lib/python3.11/site-packages/airflow/example_dags/example_passing_params_via_test_command.py                                           0           0                                                   0
/Users/scottbrowning/Desktop/Airflow/py_env/lib/python3.11/site-packages/airflow/example_dags/example_latest_only_with_trigger.py                                                  0           0                                                   0
/Users/scottbrowning/Desktop/Airflow/py_env/lib/python3.11/site-packages/airflow/example_dags/example_time_delta_sensor_async.py                                                   0           0                                                   0
/Users/scottbrowning/Desktop/Airflow/py_env/lib/python3.11/site-packages/airflow/example_dags/example_dataset_alias_with_no_taskflow.py                                            0           0                                                   0
/Users/scottbrowning/Desktop/Airflow/py_env/lib/python3.11/site-packages/airflow/example_dags/example_dag_decorator.py                                                             0           0                                                   0
/Users/scottbrowning/Desktop/Airflow/py_env/lib/python3.11/site-packages/airflow/example_dags/example_xcom.py                                                                      0           0                                                   0
/Users/scottbrowning/Desktop/Airflow/py_env/lib/python3.11/site-packages/airflow/example_dags/example_xcomargs.py                                                                  0           0                                                   0
/Users/scottbrowning/Desktop/Airflow/py_env/lib/python3.11/site-packages/airflow/example_dags/example_display_name.py                                                              0           0                                                   0
/Users/scottbrowning/Desktop/Airflow/py_env/lib/python3.11/site-packages/airflow/example_dags/example_branch_operator_decorator.py                                                 0           0                                                   0
/Users/scottbrowning/Desktop/Airflow/py_env/lib/python3.11/site-packages/airflow/example_dags/example_branch_day_of_week_operator.py                                               0           0                                                   0
/Users/scottbrowning/Desktop/Airflow/py_env/lib/python3.11/site-packages/airflow/example_dags/example_skip_dag.py                                                                  0           0                                                   0
/Users/scottbrowning/Desktop/Airflow/py_env/lib/python3.11/site-packages/airflow/example_dags/example_outlet_event_extra.py                                                        0           0                                                   0
/Users/scottbrowning/Desktop/Airflow/py_env/lib/python3.11/site-packages/airflow/example_dags/example_short_circuit_decorator.py                                                   0           0                                                   0
/Users/scottbrowning/Desktop/Airflow/py_env/lib/python3.11/site-packages/airflow/example_dags/example_datasets.py                                                                  0           0                                                   0
/Users/scottbrowning/Desktop/Airflow/py_env/lib/python3.11/site-packages/airflow/example_dags/tutorial_dag.py                                                                      0           0                                                   0
/Users/scottbrowning/Desktop/Airflow/py_env/lib/python3.11/site-packages/airflow/example_dags/example_trigger_target_dag.py                                                        0           0                                                   0
/Users/scottbrowning/Desktop/Airflow/py_env/lib/python3.11/site-packages/airflow/example_dags/example_bash_decorator.py                                                            0           0                                                   0
/Users/scottbrowning/Desktop/Airflow/py_env/lib/python3.11/site-packages/airflow/example_dags/example_workday_timetable.py                                                         0           0                                                   0
/Users/scottbrowning/Desktop/Airflow/py_env/lib/python3.11/site-packages/airflow/example_dags/example_sensor_decorator.py                                                          0           0                                                   0
/Users/scottbrowning/Desktop/Airflow/py_env/lib/python3.11/site-packages/airflow/example_dags/tutorial_taskflow_templates.py                                                       0           0                                                   0
/Users/scottbrowning/Desktop/Airflow/py_env/lib/python3.11/site-packages/airflow/example_dags/example_kubernetes_executor.py                                                       0           0                                                   0
/Users/scottbrowning/Desktop/Airflow/py_env/lib/python3.11/site-packages/airflow/example_dags/example_branch_python_dop_operator_3.py                                              0           0                                                   0
/Users/scottbrowning/Desktop/Airflow/py_env/lib/python3.11/site-packages/airflow/example_dags/example_sensors.py                                                                   0           0                                                   0
/Users/scottbrowning/Desktop/Airflow/py_env/lib/python3.11/site-packages/airflow/example_dags/example_setup_teardown_taskflow.py                                                   0           0                                                   0
/Users/scottbrowning/Desktop/Airflow/py_env/lib/python3.11/site-packages/airflow/example_dags/example_branch_datetime_operator.py                                                  0           0                                                   0
/Users/scottbrowning/Desktop/Airflow/py_env/lib/python3.11/site-packages/airflow/example_dags/example_nested_branch_dag.py                                                         0           0                                                   0
/Users/scottbrowning/Desktop/Airflow/py_env/lib/python3.11/site-packages/airflow/example_dags/example_subdag_operator.py                                                           0           0                                                   0
/Users/scottbrowning/Desktop/Airflow/py_env/lib/python3.11/site-packages/airflow/example_dags/example_dynamic_task_mapping_with_no_taskflow_operators.py                           0           0                                                   0
/Users/scottbrowning/Desktop/Airflow/py_env/lib/python3.11/site-packages/airflow/example_dags/example_trigger_controller_dag.py                                                    0           0                                                   0
/Users/scottbrowning/Desktop/Airflow/py_env/lib/python3.11/site-packages/airflow/example_dags/example_params_ui_tutorial.py                                                        0           0                                                   0
/Users/scottbrowning/Desktop/Airflow/py_env/lib/python3.11/site-packages/airflow/example_dags/example_dynamic_task_mapping.py                                                      0           0                                                   0
/Users/scottbrowning/Desktop/Airflow/py_env/lib/python3.11/site-packages/airflow/example_dags/plugins/decreasing_priority_weight_strategy.py                                       0           0                                                   0
/Users/scottbrowning/Desktop/Airflow/py_env/lib/python3.11/site-packages/airflow/example_dags/plugins/workday.py                                          11171  0.02s             0           0                                                   0
/Users/scottbrowning/Desktop/Airflow/py_env/lib/python3.11/site-packages/airflow/example_dags/plugins/event_listener.py                                                            0           0                                                   0
/Users/scottbrowning/Desktop/Airflow/py_env/lib/python3.11/site-packages/airflow/example_dags/plugins/listener_plugin.py                                                           0           0                                                   0
/Users/scottbrowning/Desktop/Airflow/py_env/lib/python3.11/site-packages/airflow/example_dags/subdags/subdag.py                                           11170  0.03s             0           0                                                   0
================================================================================
[2024-11-20T22:18:09.297-0500] {manager.py:997} INFO - 
================================================================================
DAG File Processing Stats

File Path                                                                                                                                                   PID  Runtime      # DAGs    # Errors  Last Runtime    Last Run               Last # of DB Queries
--------------------------------------------------------------------------------------------------------------------------------------------------------  -----  ---------  --------  ----------  --------------  -------------------  ----------------------
/Users/scottbrowning/Desktop/Airflow/py_env/lib/python3.11/site-packages/airflow/example_dags/example_short_circuit_operator.py                                                    1           0  3.18s           2024-11-21T03:18:07                      43
/Users/scottbrowning/Desktop/Airflow/py_env/lib/python3.11/site-packages/airflow/example_dags/example_short_circuit_decorator.py                                                   1           0  3.11s           2024-11-21T03:18:08                      43
/Users/scottbrowning/Desktop/Airflow/py_env/lib/python3.11/site-packages/airflow/example_dags/tutorial_dag.py                                                                      1           0  2.65s           2024-11-21T03:17:51                      43
/Users/scottbrowning/Desktop/Airflow/py_env/lib/python3.11/site-packages/airflow/example_dags/tutorial_objectstorage.py                                                            1           0  2.57s           2024-11-21T03:17:50                      43
/Users/scottbrowning/Desktop/Airflow/py_env/lib/python3.11/site-packages/airflow/example_dags/tutorial_taskflow_templates.py                                                       1           0  2.50s           2024-11-21T03:17:46                      45
/Users/scottbrowning/Desktop/Airflow/py_env/lib/python3.11/site-packages/airflow/example_dags/tutorial.py                                                                          1           0  2.47s           2024-11-21T03:17:53                      45
/Users/scottbrowning/Desktop/Airflow/py_env/lib/python3.11/site-packages/airflow/example_dags/example_skip_dag.py                                                                  1           0  2.41s           2024-11-21T03:18:05                      45
/Users/scottbrowning/Desktop/Airflow/py_env/lib/python3.11/site-packages/airflow/example_dags/plugins/listener_plugin.py                                                           0           0  2.39s           2024-11-21T03:17:43                       3
/Users/scottbrowning/Desktop/Airflow/py_env/lib/python3.11/site-packages/airflow/example_dags/example_xcomargs.py                                                                  2           0  2.38s           2024-11-21T03:17:53                      79
/Users/scottbrowning/Desktop/Airflow/py_env/lib/python3.11/site-packages/airflow/example_dags/plugins/event_listener.py                                                            0           0  2.38s           2024-11-21T03:17:43                       3
/Users/scottbrowning/Desktop/Airflow/py_env/lib/python3.11/site-packages/airflow/example_dags/example_task_group_decorator.py                                                      1           0  2.29s           2024-11-21T03:18:00                      43
/Users/scottbrowning/Desktop/Airflow/py_env/lib/python3.11/site-packages/airflow/example_dags/example_sla_dag.py                                                                   1           0  2.28s           2024-11-21T03:18:04                      45
/Users/scottbrowning/Desktop/Airflow/py_env/lib/python3.11/site-packages/airflow/example_dags/subdags/subdag.py                                                                    0           0  2.27s           2024-11-21T03:17:41                       3
/Users/scottbrowning/Desktop/Airflow/py_env/lib/python3.11/site-packages/airflow/example_dags/tutorial_taskflow_api.py                                                             1           0  2.27s           2024-11-21T03:17:48                      43
/Users/scottbrowning/Desktop/Airflow/py_env/lib/python3.11/site-packages/airflow/example_dags/example_time_delta_sensor_async.py                                                   1           0  2.26s           2024-11-21T03:17:59                      43
/Users/scottbrowning/Desktop/Airflow/py_env/lib/python3.11/site-packages/airflow/example_dags/example_subdag_operator.py                                                           3           0  2.24s           2024-11-21T03:18:02                      53
/Users/scottbrowning/Desktop/Airflow/py_env/lib/python3.11/site-packages/airflow/example_dags/example_workday_timetable.py                                                         1           0  2.22s           2024-11-21T03:17:56                      45
/Users/scottbrowning/Desktop/Airflow/py_env/lib/python3.11/site-packages/airflow/example_dags/example_trigger_target_dag.py                                                        1           0  2.21s           2024-11-21T03:17:57                      43
/Users/scottbrowning/Desktop/Airflow/py_env/lib/python3.11/site-packages/airflow/example_dags/example_trigger_controller_dag.py                                                    1           0  2.20s           2024-11-21T03:17:58                      45
/Users/scottbrowning/Desktop/Airflow/py_env/lib/python3.11/site-packages/airflow/example_dags/example_xcom.py                                                                      1           0  2.20s           2024-11-21T03:17:55                      45
/Users/scottbrowning/Desktop/Airflow/py_env/lib/python3.11/site-packages/airflow/example_dags/plugins/workday.py                                                                   0           0  2.19s           2024-11-21T03:17:41                       3
/Users/scottbrowning/Desktop/Airflow/py_env/lib/python3.11/site-packages/airflow/example_dags/plugins/decreasing_priority_weight_strategy.py                                       0           0  2.19s           2024-11-21T03:17:46                       3
/Users/scottbrowning/Desktop/Airflow/py_env/lib/python3.11/site-packages/airflow/example_dags/example_task_group.py                                                                1           0  2.17s           2024-11-21T03:18:02                      43
/Users/scottbrowning/Desktop/Airflow/py_env/lib/python3.11/site-packages/airflow/example_dags/tutorial_taskflow_api_virtualenv.py                                                  0           0  2.01s           2024-11-21T03:17:48                       3
/Users/scottbrowning/Desktop/Airflow/py_env/lib/python3.11/site-packages/airflow/example_dags/example_latest_only.py                                                               0           0                                                            0
/Users/scottbrowning/Desktop/Airflow/py_env/lib/python3.11/site-packages/airflow/example_dags/example_local_kubernetes_executor.py                                                 0           0                                                            0
/Users/scottbrowning/Desktop/Airflow/py_env/lib/python3.11/site-packages/airflow/example_dags/example_complex.py                                                                   0           0                                                            0
/Users/scottbrowning/Desktop/Airflow/py_env/lib/python3.11/site-packages/airflow/example_dags/example_python_operator.py                                                           0           0                                                            0
/Users/scottbrowning/Desktop/Airflow/py_env/lib/python3.11/site-packages/airflow/example_dags/example_params_trigger_ui.py                                                         0           0                                                            0
/Users/scottbrowning/Desktop/Airflow/py_env/lib/python3.11/site-packages/airflow/example_dags/example_external_task_marker_dag.py                                                  0           0                                                            0
/Users/scottbrowning/Desktop/Airflow/py_env/lib/python3.11/site-packages/airflow/example_dags/example_bash_operator.py                                                             0           0                                                            0
/Users/scottbrowning/Desktop/Airflow/py_env/lib/python3.11/site-packages/airflow/example_dags/example_dataset_alias.py                                                             0           0                                                            0
/Users/scottbrowning/Desktop/Airflow/py_env/lib/python3.11/site-packages/airflow/example_dags/example_setup_teardown.py                                   11321  1.01s             0           0                                                            0
/Users/scottbrowning/Desktop/Airflow/py_env/lib/python3.11/site-packages/airflow/example_dags/example_branch_operator.py                                                           0           0                                                            0
/Users/scottbrowning/Desktop/Airflow/py_env/lib/python3.11/site-packages/airflow/example_dags/example_branch_labels.py                                                             0           0                                                            0
/Users/scottbrowning/Desktop/Airflow/py_env/lib/python3.11/site-packages/airflow/example_dags/example_inlet_event_extra.py                                                         0           0                                                            0
/Users/scottbrowning/Desktop/Airflow/py_env/lib/python3.11/site-packages/airflow/example_dags/example_python_decorator.py                                                          0           0                                                            0
/Users/scottbrowning/Desktop/Airflow/py_env/lib/python3.11/site-packages/airflow/example_dags/example_passing_params_via_test_command.py                                           0           0                                                            0
/Users/scottbrowning/Desktop/Airflow/py_env/lib/python3.11/site-packages/airflow/example_dags/example_latest_only_with_trigger.py                                                  0           0                                                            0
/Users/scottbrowning/Desktop/Airflow/py_env/lib/python3.11/site-packages/airflow/example_dags/example_dataset_alias_with_no_taskflow.py                                            0           0                                                            0
/Users/scottbrowning/Desktop/Airflow/py_env/lib/python3.11/site-packages/airflow/example_dags/example_dag_decorator.py                                                             0           0                                                            0
/Users/scottbrowning/Desktop/Airflow/py_env/lib/python3.11/site-packages/airflow/example_dags/example_display_name.py                                                              0           0                                                            0
/Users/scottbrowning/Desktop/Airflow/py_env/lib/python3.11/site-packages/airflow/example_dags/example_branch_operator_decorator.py                                                 0           0                                                            0
/Users/scottbrowning/Desktop/Airflow/py_env/lib/python3.11/site-packages/airflow/example_dags/example_branch_day_of_week_operator.py                                               0           0                                                            0
/Users/scottbrowning/Desktop/Airflow/py_env/lib/python3.11/site-packages/airflow/example_dags/example_outlet_event_extra.py                                                        0           0                                                            0
/Users/scottbrowning/Desktop/Airflow/py_env/lib/python3.11/site-packages/airflow/example_dags/example_datasets.py                                                                  0           0                                                            0
/Users/scottbrowning/Desktop/Airflow/py_env/lib/python3.11/site-packages/airflow/example_dags/example_bash_decorator.py                                                            0           0                                                            0
/Users/scottbrowning/Desktop/Airflow/py_env/lib/python3.11/site-packages/airflow/example_dags/example_sensor_decorator.py                                                          0           0                                                            0
/Users/scottbrowning/Desktop/Airflow/py_env/lib/python3.11/site-packages/airflow/example_dags/example_kubernetes_executor.py                                                       0           0                                                            0
/Users/scottbrowning/Desktop/Airflow/py_env/lib/python3.11/site-packages/airflow/example_dags/example_branch_python_dop_operator_3.py                                              0           0                                                            0
/Users/scottbrowning/Desktop/Airflow/py_env/lib/python3.11/site-packages/airflow/example_dags/example_sensors.py                                                                   0           0                                                            0
/Users/scottbrowning/Desktop/Airflow/py_env/lib/python3.11/site-packages/airflow/example_dags/example_setup_teardown_taskflow.py                          11318  1.80s             0           0                                                            0
/Users/scottbrowning/Desktop/Airflow/py_env/lib/python3.11/site-packages/airflow/example_dags/example_branch_datetime_operator.py                                                  0           0                                                            0
/Users/scottbrowning/Desktop/Airflow/py_env/lib/python3.11/site-packages/airflow/example_dags/example_nested_branch_dag.py                                                         0           0                                                            0
/Users/scottbrowning/Desktop/Airflow/py_env/lib/python3.11/site-packages/airflow/example_dags/example_dynamic_task_mapping_with_no_taskflow_operators.py                           0           0                                                            0
/Users/scottbrowning/Desktop/Airflow/py_env/lib/python3.11/site-packages/airflow/example_dags/example_params_ui_tutorial.py                                                        0           0                                                            0
/Users/scottbrowning/Desktop/Airflow/py_env/lib/python3.11/site-packages/airflow/example_dags/example_dynamic_task_mapping.py                                                      0           0                                                            0
================================================================================
[2024-11-20T22:18:32.835-0500] {manager.py:465} INFO - Exiting gracefully upon receiving signal 15
